<?xml version="1.0"?>
<testsuites>
  <testsuite name="Chrome 36.0.1985 (Windows 7)" package="" timestamp="2014-08-25T14:50:57" id="0" hostname="KARADZHOV" tests="12" errors="0" failures="0" time="51.105">
    <properties>
      <property name="browser.fullName" value="Mozilla/5.0 (Windows NT 6.1; WOW64) AppleWebKit/537.36 (KHTML, like Gecko) Chrome/36.0.1985.143 Safari/537.36"/>
    </properties>
    <testcase name="[EGaneva] / Ensure the properties are initially requested." time="4.916" classname="Chrome 36.0.1985 (Windows 7).pageEditorServices tests_"/>
    <testcase name="[EGaneva] / Ensure put call is executed." time="5.001" classname="Chrome 36.0.1985 (Windows 7).pageEditorServices tests_"/>
    <testcase name="[Boyko-Karadzhov] / Saving handler is called and dialog is closed." time="5" classname="Chrome 36.0.1985 (Windows 7).designer tests_ DialogCtrl test_"/>
    <testcase name="[Boyko-Karadzhov] / Saving handler that throws error is called and dialog is not closed." time="5" classname="Chrome 36.0.1985 (Windows 7).designer tests_ DialogCtrl test_"/>
    <testcase name="[Boyko-Karadzhov] / Canceling handler is called and dialog is closed." time="5" classname="Chrome 36.0.1985 (Windows 7).designer tests_ DialogCtrl test_"/>
    <testcase name="[Boyko-Karadzhov] / Canceling handler that throws error is called and dialog is not closed." time="5" classname="Chrome 36.0.1985 (Windows 7).designer tests_ DialogCtrl test_"/>
    <testcase name="[Boyko-Karadzhov] / Can save and close after one failed attempt." time="4.999" classname="Chrome 36.0.1985 (Windows 7).designer tests_ DialogCtrl test_"/>
    <testcase name="[EGaneva] / The items are populated correctly from the angular service." time="5" classname="Chrome 36.0.1985 (Windows 7).PropertyGridModule tests_ Controllers test_"/>
    <testcase name="[EGaneva] / Should return all non-proxy properties when the first property is a proxy" time="3.999" classname="Chrome 36.0.1985 (Windows 7).PropertyGridModule tests_ Filters tests_"/>
    <testcase name="[EGaneva] / Should return all only the properties from the same level as requested property" time="4.009" classname="Chrome 36.0.1985 (Windows 7).PropertyGridModule tests_ Filters tests_"/>
    <testcase name="[EGaneva] / Can refreshes the whole breadcrumb content." time="3.169" classname="Chrome 36.0.1985 (Windows 7).BreadCrumb directive test Directives tests"/>
    <testcase name="[EGaneva] / Adds single element to the breadcrumb when proeprtyPath has been changed" time="0.012" classname="Chrome 36.0.1985 (Windows 7).BreadCrumb directive test Directives tests"/>
    <system-out><![CDATA[
]]></system-out>
    <system-err/>
  </testsuite>
</testsuites>
